<?xml version="1.0" encoding="UTF-8"?>
<!-- Generated by org.testng.reporters.JUnitXMLReporter -->
<testsuite ignored="0" hostname="Srvt" failures="0" tests="4" name="Default test" time="0.85" errors="0" timestamp="2025-03-19T13:01:31 MEZ">
  <testcase classname="test.dataProvide" name="testCaseData" time="0.016"/>
  <testcase classname="test.dataProvide" name="testCaseData" time="0.002"/>
  <testcase classname="test.dataProvide" name="testCaseData" time="0.002"/>
  <testcase classname="test.dataProvide" name="testCaseData" time="0.002"/>
</testsuite> <!-- Default test -->
