<?xml version="1.0" encoding="UTF-8"?>
<testng-results ignored="0" total="4" passed="4" failed="0" skipped="0">
  <reporter-output>
  </reporter-output>
  <suite started-at="2025-03-19T13:01:31 MEZ" name="Default suite" finished-at="2025-03-19T13:01:31 MEZ" duration-ms="850">
    <groups>
    </groups>
    <test started-at="2025-03-19T13:01:31 MEZ" name="Default test" finished-at="2025-03-19T13:01:31 MEZ" duration-ms="850">
      <class name="test.dataProvide">
        <test-method signature="testCaseData(java.lang.String,java.lang.String,java.lang.String)[pri:0, instance:test.dataProvide@2f666ebb]" started-at="2025-03-19T13:01:31 MEZ" name="testCaseData" data-provider="driveTest" finished-at="2025-03-19T13:01:31 MEZ" duration-ms="16" status="PASS">
          <params>
            <param index="0">
              <value>
                <![CDATA[Merhaba]]>
              </value>
            </param>
            <param index="1">
              <value>
                <![CDATA[Nasilsin]]>
              </value>
            </param>
            <param index="2">
              <value>
                <![CDATA[1]]>
              </value>
            </param>
          </params>
          <reporter-output>
          </reporter-output>
        </test-method> <!-- testCaseData -->
        <test-method signature="testCaseData(java.lang.String,java.lang.String,java.lang.String)[pri:0, instance:test.dataProvide@2f666ebb]" started-at="2025-03-19T13:01:31 MEZ" name="testCaseData" data-provider="driveTest" finished-at="2025-03-19T13:01:31 MEZ" duration-ms="2" status="PASS">
          <params>
            <param index="0">
              <value>
                <![CDATA[Hallo]]>
              </value>
            </param>
            <param index="1">
              <value>
                <![CDATA[Wie gehts dir]]>
              </value>
            </param>
            <param index="2">
              <value>
                <![CDATA[23]]>
              </value>
            </param>
          </params>
          <reporter-output>
          </reporter-output>
        </test-method> <!-- testCaseData -->
        <test-method signature="testCaseData(java.lang.String,java.lang.String,java.lang.String)[pri:0, instance:test.dataProvide@2f666ebb]" started-at="2025-03-19T13:01:31 MEZ" name="testCaseData" data-provider="driveTest" finished-at="2025-03-19T13:01:31 MEZ" duration-ms="2" status="PASS">
          <params>
            <param index="0">
              <value>
                <![CDATA[Hello]]>
              </value>
            </param>
            <param index="1">
              <value>
                <![CDATA[How are you to day]]>
              </value>
            </param>
            <param index="2">
              <value>
                <![CDATA[52]]>
              </value>
            </param>
          </params>
          <reporter-output>
          </reporter-output>
        </test-method> <!-- testCaseData -->
        <test-method signature="testCaseData(java.lang.String,java.lang.String,java.lang.String)[pri:0, instance:test.dataProvide@2f666ebb]" started-at="2025-03-19T13:01:31 MEZ" name="testCaseData" data-provider="driveTest" finished-at="2025-03-19T13:01:31 MEZ" duration-ms="2" status="PASS">
          <params>
            <param index="0">
              <value>
                <![CDATA[Hi]]>
              </value>
            </param>
            <param index="1">
              <value>
                <![CDATA[Text Message]]>
              </value>
            </param>
            <param index="2">
              <value>
                <![CDATA[]]>
              </value>
            </param>
          </params>
          <reporter-output>
          </reporter-output>
        </test-method> <!-- testCaseData -->
      </class> <!-- test.dataProvide -->
    </test> <!-- Default test -->
  </suite> <!-- Default suite -->
</testng-results>
